<?xml version="1.0" encoding="UTF-8"?>
<!-- Generated by org.testng.reporters.JUnitXMLReporter -->
<testsuite ignored="2" hostname="azhar-2.local" failures="0" tests="7" name="Surefire test" time="6.322" errors="0" timestamp="2025-05-20T00:41:52 WIB">
  <testcase classname="restassured.ObjectTest" name="addObjectTest" time="0.65"/>
  <testcase classname="restassured.ObjectTest" name="getListAllObjectTest" time="0.796"/>
  <testcase classname="restassured.ObjectTest" name="listOfObjectsByIdTest" time="0.647"/>
  <testcase classname="restassured.ObjectTest" name="getSingleObjectTest" time="0.809"/>
  <testcase classname="restassured.ObjectTest" name="updateObjectTest" time="0.62"/>
  <testcase classname="restassured.ObjectTest" name="partiallyUpdateObjectTest" time="0.663"/>
  <testcase classname="restassured.ObjectTest" name="deleteObjectTest" time="0.649"/>
  <testcase classname="restassured.BaseTest" name="@BeforeSuite setup" time="0.0">
    <ignored/>
  </testcase> <!-- @BeforeSuite setup -->
  <testcase classname="restassured.BaseTest" name="@BeforeSuite setup" time="0.0">
    <ignored/>
  </testcase> <!-- @BeforeSuite setup -->
</testsuite> <!-- Surefire test -->
