<?xml version="1.0" encoding="UTF-8"?>
<!-- Generated by org.testng.reporters.JUnitXMLReporter -->
<testsuite ignored="3" hostname="azhar-2.local" failures="0" tests="8" name="Surefire test" time="9.899" errors="0" timestamp="2025-05-20T01:03:32 WIB">
  <testcase classname="restassured.DepartmentTest" name="getAllDepartmentTest" time="1.804"/>
  <testcase classname="restassured.ObjectTest" name="addObjectTest" time="0.653"/>
  <testcase classname="restassured.ObjectTest" name="getListAllObjectTest" time="0.835"/>
  <testcase classname="restassured.ObjectTest" name="listOfObjectsByIdTest" time="2.345"/>
  <testcase classname="restassured.ObjectTest" name="getSingleObjectTest" time="0.651"/>
  <testcase classname="restassured.ObjectTest" name="updateObjectTest" time="0.656"/>
  <testcase classname="restassured.ObjectTest" name="partiallyUpdateObjectTest" time="0.731"/>
  <testcase classname="restassured.ObjectTest" name="deleteObjectTest" time="0.627"/>
  <testcase classname="restassured.BaseTest" name="@BeforeSuite setup" time="0.0">
    <ignored/>
  </testcase> <!-- @BeforeSuite setup -->
  <testcase classname="restassured.BaseTest" name="@BeforeSuite setup" time="0.0">
    <ignored/>
  </testcase> <!-- @BeforeSuite setup -->
  <testcase classname="restassured.BaseTest" name="@BeforeSuite setup" time="0.0">
    <ignored/>
  </testcase> <!-- @BeforeSuite setup -->
</testsuite> <!-- Surefire test -->
