<?xml version="1.0" encoding="UTF-8"?>
<testsuite xmlns:xsi="http://www.w3.org/2001/XMLSchema-instance" xsi:noNamespaceSchemaLocation="https://maven.apache.org/surefire/maven-surefire-plugin/xsd/surefire-test-report-3.0.xsd" version="3.0" name="TestSuite" time="8.201" tests="10" errors="0" skipped="0" failures="0">
  <properties>
[...]
</properties>
  <testcase name="registerTest" classname="restassured.AuthenticationTest" time="1.606">
    <system-out><![CDATA[registerTest starting...
Request method:	POST
Request URI:	https://whitesmokehouse.com/webhook/api/register
Proxy:			<none>
Request params:	<none>
Query params:	<none>
Form params:	<none>
Path params:	<none>
Headers:		Accept=*/*
				Content-Type=application/json
Cookies:		<none>
Multiparts:		<none>
Body:
{
    "password": "p@ssw0rd",
    "full_name": "Azhar Test6 Name",
    "phone_number": "081234567890",
    "department": "Technology",
    "email": "azhartest6@email.com"
}
{
    "id": "239",
    "email": "azhartest6@email.com",
    "full_name": "Azhar Test6 Name",
    "department": "Technology",
    "phone_number": "081234567890",
    "create_at": "2025-05-19T23:34:04.365Z",
    "update_at": "2025-05-19T23:34:04.365Z"
}
{
    "id": "239",
    "email": "azhartest6@email.com",
    "full_name": "Azhar Test6 Name",
    "department": "Technology",
    "phone_number": "081234567890",
    "create_at": "2025-05-19T23:34:04.365Z",
    "update_at": "2025-05-19T23:34:04.365Z"
}
]]></system-out>
    <system-err><![CDATA[SLF4J(W): No SLF4J providers were found.
SLF4J(W): Defaulting to no-operation (NOP) logger implementation
SLF4J(W): See https://www.slf4j.org/codes.html#noProviders for further details.
]]></system-err>
  </testcase>
  <testcase name="loginTest" classname="restassured.AuthenticationTest" time="0.696">
    <system-out><![CDATA[loginTest starting...
Request method:	POST
Request URI:	https://whitesmokehouse.com/webhook/api/login
Proxy:			<none>
Request params:	<none>
Query params:	<none>
Form params:	<none>
Path params:	<none>
Headers:		Accept=*/*
				Content-Type=application/json
Cookies:		<none>
Multiparts:		<none>
Body:
{
    "password": "p@ssw0rd",
    "email": "azhartest6@email.com"
}
{
    "token": "eyJhbGciOiJIUzI1NiIsInR5cCI6IkpXVCJ9.eyJpZCI6IjIzOSIsImlhdCI6MTc0NzY5NzY0NX0.jFIF12whN0JiOSV0PIPrd4qLuYVGsh9avnP5VfAhB8c"
}
{
    "token": "eyJhbGciOiJIUzI1NiIsInR5cCI6IkpXVCJ9.eyJpZCI6IjIzOSIsImlhdCI6MTc0NzY5NzY0NX0.jFIF12whN0JiOSV0PIPrd4qLuYVGsh9avnP5VfAhB8c"
}
]]></system-out>
  </testcase>
  <testcase name="addObjectTest" classname="restassured.ObjectTest" time="0.747">
    <system-out><![CDATA[addObjectTest starting...
Request method:	POST
Request URI:	https://whitesmokehouse.com/webhook/api/objects
Proxy:			<none>
Request params:	<none>
Query params:	<none>
Form params:	<none>
Path params:	<none>
Headers:		Authorization=Bearer eyJhbGciOiJIUzI1NiIsInR5cCI6IkpXVCJ9.eyJpZCI6IjIzOSIsImlhdCI6MTc0NzY5NzY0NX0.jFIF12whN0JiOSV0PIPrd4qLuYVGsh9avnP5VfAhB8c
				Accept=*/*
				Content-Type=application/json
Cookies:		<none>
Multiparts:		<none>
Body:
{
    "data": {
        "hard_disk_size": "256 GB",
        "color": "SPace Grey",
        "year": 2020,
        "price": 1199,
        "cpu_model": "Apple M1",
        "screen_size": "13 inch",
        "capacity": "8 CPU"
    },
    "name": "Apple MacBook Air M1 azhar"
}
[
    {
        "id": 272,
        "name": "Apple MacBook Air M1 azhar",
        "data": {
            "year": "2020",
            "price": 1199,
            "cpu_model": "Apple M1",
            "hard_disk_size": "256 GB",
            "color": "SPace Grey",
            "capacity": "8 CPU",
            "screen_size": "13 inch"
        }
    }
]
[
    {
        "id": 272,
        "name": "Apple MacBook Air M1 azhar",
        "data": {
            "year": "2020",
            "price": 1199,
            "cpu_model": "Apple M1",
            "hard_disk_size": "256 GB",
            "color": "SPace Grey",
            "capacity": "8 CPU",
            "screen_size": "13 inch"
        }
    }
]
]]></system-out>
  </testcase>
  <testcase name="getListAllObjectTest" classname="restassured.ObjectTest" time="0.804">
    <system-out><![CDATA[getListAllObjectTest starting...
Request method:	GET
Request URI:	https://whitesmokehouse.com/webhook/api/objects
Proxy:			<none>
Request params:	<none>
Query params:	<none>
Form params:	<none>
Path params:	<none>
Headers:		Authorization=Bearer eyJhbGciOiJIUzI1NiIsInR5cCI6IkpXVCJ9.eyJpZCI6IjIzOSIsImlhdCI6MTc0NzY5NzY0NX0.jFIF12whN0JiOSV0PIPrd4qLuYVGsh9avnP5VfAhB8c
				Accept=*/*
				Content-Type=application/json
Cookies:		<none>
Multiparts:		<none>
Body:			<none>
[
    {
        "id": 196,
        "name": "Apple MacBook Pro 16",
        "data": {
            "year": "2019",
            "price": "1849.99",
            "CPU model": "Intel Core i9",
            "Hard disk size": "1 TB",
            "color": "red",
            "capacity": 2,
            "screen_size": 14
        }
    },
    {
        "id": 82,
        "name": "Apple MacBook Pro 1611-albert12",
        "data": {
            "year": "2030",
            "price": "1849.99",
            "CPU model": "Intel Core i9",
            "Hard disk size": "1 TB",
            "color": "red",
            "capacity": 2,
            "screen_size": 14
        }
    },
    {
        "id": 50,
        "name": "Apple MacBook Pro 16",
        "data": {
            "year": "2019",
            "price": "1849.99",
            "CPU model": "Intel Core i9",
            "Hard disk size": "1 TB",
            "color": "red",
            "capacity": 2,
            "screen_size": 14
        }
    },
    {
        "id": 210,
        "name": "Apple MacBook Pro 16 Diana Punya",
        "data": {
            "year": "2025",
            "price": "1849.99",
            "CPU model": "Intel Core i9",
            "Hard disk size": "1 TB",
            "color": "red",
            "capacity": 2,
            "screen_size": 14
        }
    },
    {
        "id": 214,
        "name": "Apple MacBook Pro 16 Diana Punya",
        "data": {
            "year": "2025",
            "price": "1849.99",
            "CPU model": "Intel Core i9",
            "Hard disk size": "1 TB",
            "color": "red",
            "capacity": 2,
            "screen_size": 14
        }
    },
    {
        "id": 13,
        "name": "Apple MacBook Pro 16 - Alifa",
        "data": {
            "year": "2019",
            "price": "1849.99",
            "CPU model": "Intel Core i9",
            "Hard disk size": "1 TB",
            "color": "red",
            "capacity": 2,
            "screen_size": 14
        }
    },
    {
        "id": 14,
        "name": "Apple MacBook Pro 16 - Alifa",
        "data": {
            "year": "2019",
            "price": "1849.99",
            "CPU model": "Intel Core i9",
            "Hard disk size": "1 TB",
            "color": "red",
            "capacity": 2,
            "screen_size": 14
        }
    },
    {
        "id": 216,
        "name": "Apple MacBook Pro 16 Diana Punya",
        "data": {
            "year": "2025",
            "price": "1849.99",
            "CPU model": "Intel Core i9",
            "Hard disk size": "1 TB",
            "color": "red",
            "capacity": 2,
            "screen_size": 14
        }
    },
    {
        "id": 16,
        "name": "Apple MacBook Pro 16 - Alifa",
        "data": {
            "year": "2019",
            "price": "1849.99",
            "CPU model": "Intel Core i9",
            "Hard disk size": "1 TB",
            "color": "red",
            "capacity": 2,
            "screen_size": 14
        }
    },
    {
        "id": 19,
        "name": "Apple MacBook Pro 16 - Alifa Final",
        "data": {
            "year": "2019",
            "price": "1849.99",
            "CPU model": "Intel Core i9",
            "Hard disk size": "1 TB",
            "color": "red",
            "capacity": 2,
            "screen_size": 14
        }
    },
    {
        "id": 184,
        "name": "Apple MacBook Pro 1611-albert12",
        "data": {
            "year": "2030",
            "price": "1849.99",
            "CPU model": "Intel Core i9",
            "Hard disk size": "1 TB",
            "color": "blue",
            "capacity": 2,
            "screen_size": 14
        }
    },
    {
        "id": 219,
        "name": "Apple MacBook Pro 16",
        "data": {
            "year": "2019",
            "price": "1849.99",
            "CPU model": "Intel Core i9",
            "Hard disk size": "1 TB",
            "color": "red",
            "capacity": 2,
            "screen_size": 14
        }
    },
    {
        "id": 221,
        "name": "Apple MacBook Pro 16 Diana Punya",
        "data": {
            "year": "2025",
            "price": "1849.99",
            "CPU model": "Intel Core i9",
            "Hard disk size": "1 TB",
            "color": "red",
            "capacity": 2,
            "screen_size": 14
        }
    },
    {
        "id": 67,
        "name": "Apple MacBook Pro 1611-albert12",
        "data": {
            "year": "2030",
            "price": "1849.99",
            "CPU model": "Intel Core i9",
            "Hard disk size": "1 TB",
            "color": "Gray",
            "capacity": 2,
            "screen_size": 14
        }
    },
    {
        "id": 49,
        "name": "Apple MacBook Pro 16",
        "data": {
            "year": "2019",
            "price": "1849.99",
            "CPU model": "Intel Core i9",
            "Hard disk size": "1 TB",
            "color": "red",
            "capacity": 2,
            "screen_size": 14
        }
    },
    {
        "id": 60,
        "name": "Apple MacBook Pro 16",
        "data": {
            "year": "2019",
            "price": "1849.99",
            "CPU model": "Intel Core i9",
            "Hard disk size": "1 TB",
            "color": "red",
            "capacity": 2,
            "screen_size": 14
        }
    },
    {
        "id": 212,
        "name": "Perbarui Diana Sebagian",
        "data": {
            "year": "2025",
            "price": "1849.99",
            "CPU model": "Intel Core i9",
            "Hard disk size": "1 TB",
            "color": "red",
            "capacity": 2,
            "screen_size": 14
        }
    },
    {
        "id": 46,
        "name": "Lenovo K14",
        "data": {
            "year": "2024",
            "price": "1849.99",
            "CPU model": "Intel Core i9",
            "Hard disk size": "1 TB",
            "color": "black",
            "capacity": 2,
            "screen_size": 14
        }
    },
    {
        "id": 199,
        "name": "Apple MacBook Pro 16",
        "data": {
            "year": "2019",
            "price": "1849.99",
            "CPU model": "Intel Core i9",
            "Hard disk size": "1 TB",
            "color": "red",
            "capacity": 2,
            "screen_size": 14
        }
    },
    {
        "id": 23,
        "name": "Apple MacBook Pro 16",
        "data": {
            "year": "2019",
            "price": "1849.99",
            "CPU model": "Intel Core i9",
            "Hard disk size": "1 TB",
            "color": "red",
            "capacity": 2,
            "screen_size": 14
        }
    },
    {
        "id": 24,
        "name": "Apple MacBook Pro 16",
        "data": {
            "year": "2019",
            "price": "1849.99",
            "CPU model": "Intel Core i9",
            "Hard disk size": "1 TB",
            "color": "red",
            "capacity": 2,
            "screen_size": 14
        }
    },
    {
        "id": 25,
        "name": "Produk coba coba",
        "data": {
            "year": "2019",
            "price": "1849.99",
            "CPU model": "Intel Core i9",
            "Hard disk size": "1 TB",
            "color": "red",
            "capacity": 2,
            "screen_size": 14
        }
    },
    {
        "id": 26,
        "name": "Produk coba coba",
        "data": {
            "year": "2019",
            "price": "1849.99",
            "CPU model": "Intel Core i9",
            "Hard disk size": "1 TB",
            "color": "red",
            "capacity": 2,
            "screen_size": 14
        }
    },
    {
        "id": 27,
        "name": "Apple MacBook Pro 16",
        "data": {
            "year": "2019",
            "price": "1849.99",
            "CPU model": "Intel Core i9",
            "Hard disk size": "1 TB",
            "color": "red",
            "capacity": 2,
            "screen_size": 14
        }
    },
    {
        "id": 28,
        "name": "Apple MacBook Pro 16 - Alifa",
        "data": {
            "year": "2019",
            "price": "1849.99",
            "CPU model": "Intel Core i9",
            "Hard disk size": "1 TB",
            "color": "red",
            "capacity": 2,
            "screen_size": 14
        }
    },
    {
        "id": 9,
        "name": "Apple MacBook Pro 25 - Alifa Updated",
        "data": {
            "year": "2025",
            "price": "1999.99",
            "CPU model": "M5",
            "Hard disk size": "2 TB",
            "color": "grey",
            "capacity": 1,
            "screen_size": 13
        }
    },
    {
        "id": 30,
        "name": "Apple MacBook Pro 16",
        "data": {
            "year": "2019",
            "price": "1849.99",
            "CPU model": "Intel Core i9",
            "Hard disk size": "1 TB",
            "color": "red",
            "capacity": 2,
            "screen_size": 14
        }
    },
    {
        "id": 31,
        "name": "Lenovo K14",
        "data": {
            "year": "2024",
            "price": "1849.99",
            "CPU model": "Intel Core i9",
            "Hard disk size": "1 TB",
            "color": "black",
            "capacity": 2,
            "screen_size": 14
        }
    },
    {
        "id": 32,
        "name": "Apple MacBook Pro 16",
        "data": {
            "year": "2019",
            "price": "1849.99",
            "CPU model": "Intel Core i9",
            "Hard disk size": "1 TB",
            "color": "red",
            "capacity": 2,
            "screen_size": 14
        }
    },
    {
        "id": 33,
        "name": "Apple MacBook Pro 16",
        "data": {
            "year": "2019",
            "price": "1849.99",
            "CPU model": "Intel Core i9",
            "Hard disk size": "1 TB",
            "color": "red",
            "capacity": 2,
            "screen_size": 14
        }
    },
    {
        "id": 36,
        "name": "Apple MacBook Pro 1611-albert12",
        "data": {
            "year": "2030",
            "price": "1849.99",
            "CPU model": "Intel Core i9",
            "Hard disk size": "1 TB",
            "color": "red",
            "capacity": 2,
            "screen_size": 14
        }
    },
    {
        "id": 65,
        "name": "Apple MacBook Pro 16",
        "data": {
            "year": "2019",
            "price": "1849.99",
            "CPU model": "Intel Core i9",
            "Hard disk size": "1 TB",
            "color": "red",
            "capacity": 2,
            "screen_size": 14
        }
    },
    {
        "id": 83,
        "name": "Apple MacBook Pro 1611-albert12",
        "data": {
            "year": "2030",
            "price": "1849.99",
            "CPU model": "Intel Core i9",
            "Hard disk size": "1 TB",
            "color": "red",
            "capacity": 2,
            "screen_size": 14
        }
    },
    {
        "id": 62,
        "name": "Apple MacBook Pro M1",
        "data": {
            "year": "2020",
            "price": "1849.99",
            "CPU model": "Intel Core i9",
            "Hard disk size": "1 TB",
            "color": "blue",
            "capacity": 2,
            "screen_size": 14
        }
    },
    {
        "id": 51,
        "name": "Lenovo K14",
        "data": {
            "year": "2024",
            "price": "1849.99",
            "CPU model": "Intel Core i9",
            "Hard disk size": "1 TB",
            "color": "black",
            "capacity": 2,
            "screen_size": 14
        }
    },
    {
        "id": 201,
        "name": "Apple MacBook Pro 16",
        "data": {
            "year": "2019",
            "price": "1849.99",
            "CPU model": "Intel Core i9",
            "Hard disk size": "1 TB",
            "color": "red",
            "capacity": 2,
            "screen_size": 14
        }
    },
    {
        "id": 53,
        "name": "Apple MacBook Pro 16",
        "data": {
            "year": "2019",
            "price": "1849.99",
            "CPU model": "Intel Core i9",
            "Hard disk size": "1 TB",
            "color": "red",
            "capacity": 2,
            "screen_size": 14
        }
    },
    {
        "id": 225,
        "name": "Apple MacBook Pro 1611-albert12",
        "data": {
            "year": "2030",
            "price": "1849.99",
            "CPU model": "Intel Core i9",
            "Hard disk size": "1 TB",
            "color": "red",
            "capacity": 2,
            "screen_size": 14
        }
    },
    {
        "id": 193,
        "name": "Apple MacBook Pro 16",
        "data": {
            "year": "2019",
            "price": "1849.99",
            "CPU model": "Intel Core i9",
            "Hard disk size": "1 TB",
            "color": "red",
            "capacity": 2,
            "screen_size": 14
        }
    },
    {
        "id": 40,
        "name": "Apple MacBook Pro 16",
        "data": {
            "year": "2019",
            "price": "1849.99",
            "CPU model": "Intel Core i9",
            "Hard disk size": "1 TB",
            "color": "red",
            "capacity": 2,
            "screen_size": 14
        }
    },
    {
        "id": 229,
        "name": "Apple MacBook Pro 16",
        "data": {
            "year": "2019",
            "price": "1849.99",
            "CPU model": "Intel Core i9",
            "Hard disk size": "1 TB",
            "color": "red",
            "capacity": 2,
            "screen_size": 14
        }
    },
    {
        "id": 17,
        "name": "Apple MacBook Pro 1611-albert12",
        "data": {
            "year": "2030",
            "price": "1849.99",
            "CPU model": "Intel Core i9",
            "Hard disk size": "1 TB",
            "color": "red",
            "capacity": 2,
            "screen_size": 14
        }
    },
    {
        "id": 73,
        "name": "Apple MacBook Pro 16",
        "data": {
            "year": "2019",
            "price": "1849.99",
            "CPU model": "Intel Core i9",
            "Hard disk size": "1 TB",
            "color": "red",
            "capacity": 2,
            "screen_size": 14
        }
    },
    {
        "id": 21,
        "name": "Apple MacBook Pro 16",
        "data": {
            "year": "2019",
            "price": "1849.99",
            "CPU model": "Intel Core i9",
            "Hard disk size": "1 TB",
            "color": "red",
            "capacity": 2,
            "screen_size": 14
        }
    },
    {
        "id": 66,
        "name": "Lenovo K14",
        "data": {
            "year": "2024",
            "price": "1849.99",
            "CPU model": "Intel Core i9",
            "Hard disk size": "1 TB",
            "color": "black",
            "capacity": 2,
            "screen_size": 14
        }
    },
    {
        "id": 80,
        "name": "Apple MacBook Pro 16",
        "data": {
            "year": "2019",
            "price": "1849.99",
            "CPU model": "Intel Core i9",
            "Hard disk size": "1 TB",
            "color": "red",
            "capacity": 2,
            "screen_size": 14
        }
    },
    {
        "id": 235,
        "name": "Lenovo Thinkpad T14",
        "data": {
            "year": "2025",
            "price": "2249.99",
            "CPU model": "Intel vPRO Enterprise",
            "Hard disk size": "1 TB",
            "color": "black",
            "capacity": 4,
            "screen_size": 14
        }
    },
    {
        "id": 77,
        "name": "Apple MacBook Pro 16",
        "data": {
            "year": "2019",
            "price": "1849.99",
            "CPU model": "Intel Core i9",
            "Hard disk size": "1 TB",
            "color": "red",
            "capacity": 2,
            "screen_size": 14
        }
    },
    {
        "id": 76,
        "name": "Apple MacBook Pro 16",
        "data": {
            "year": "2019",
            "price": "1849.99",
            "CPU model": "Intel Core i9",
            "Hard disk size": "1 TB",
            "color": "red",
            "capacity": 2,
            "screen_size": 14
        }
    },
    {
        "id": 79,
        "name": "Apple MacBook Pro 16",
        "data": {
            "year": "2019",
            "price": "1849.99",
            "CPU model": "Intel Core i9",
            "Hard disk size": "1 TB",
            "color": "red",
            "capacity": 2,
            "screen_size": 14
        }
    },
    {
        "id": 239,
        "name": "Lenovo Ideapad 7i",
        "data": {
            "year": "2023",
            "price": "1849.99",
            "CPU model": "Intel Core i7",
            "Hard disk size": "1 TB",
            "color": "silver",
            "capacity": 2,
            "screen_size": 14
        }
    },
    {
        "id": 18,
        "name": "Lenovo Ideapad 7i test patch",
        "data": {
            "year": "2023",
            "price": "1849.99",
            "CPU model": "Intel Core i9",
            "Hard disk size": "1 TB",
            "color": "red",
            "capacity": 2,
            "screen_size": 14
        }
    },
    {
        "id": 85,
        "name": "maaf list ini sedang di test, mohon coba lagi",
        "data": {
            "year": "2019",
            "price": "1849.99",
            "CPU model": "Intel Core i9",
            "Hard disk size": "1 TB",
            "color": "red",
            "capacity": 2,
            "screen_size": 14
        }
    },
    {
        "id": 75,
        "name": "Nah ini test untuk partial",
        "data": {
            "year": "1998",
            "price": "1849.99",
            "CPU model": "Intel Core i9",
            "Hard disk size": "1 TB",
            "color": "red",
            "capacity": 2,
            "screen_size": 14
        }
    },
    {
        "id": 48,
        "name": "Apple MacBook Pro 16 Nikko4",
        "data": {
            "year": "2019",
            "price": "1849.99",
            "CPU model": "Intel Core i9",
            "Hard disk size": "1 TB",
            "color": "red",
            "capacity": 2,
            "screen_size": 14
        }
    },
    {
        "id": 35,
        "name": "Apple MacBook Pro 1611-albert12",
        "data": {
            "year": "2030",
            "price": "1849.99",
            "CPU model": "Intel Core i9",
            "Hard disk size": "1 TB",
            "color": "red",
            "capacity": 2,
            "screen_size": 14
        }
    },
    {
        "id": 37,
        "name": "Apple MacBook Pro 1611-Maria06",
        "data": {
            "year": "2025",
            "price": "1849.99",
            "CPU model": "Intel Core i9",
            "Hard disk size": "1 TB",
            "color": "red",
            "capacity": 2,
            "screen_size": 14
        }
    },
    {
        "id": 70,
        "name": "Apple MacBook Pro 1611-albert12",
        "data": {
            "year": "2030",
            "price": "1849.99",
            "CPU model": "Intel Core i9",
            "Hard disk size": "1 TB",
            "color": "red",
            "capacity": 2,
            "screen_size": 14
        }
    },
    {
        "id": 78,
        "name": "Apple MacBook Pro 16",
        "data": {
            "year": "2019",
            "price": "1849.99",
            "CPU model": "Intel Core i9",
            "Hard disk size": "1 TB",
            "color": "red",
            "capacity": 2,
            "screen_size": 14
        }
    },
    {
        "id": 87,
        "name": "Apple MacBook Pro 16",
        "data": {
            "year": "2019",
            "price": "1849.99",
            "CPU model": "Intel Core i9",
            "Hard disk size": "1 TB",
            "color": "red",
            "capacity": 2,
            "screen_size": 14
        }
    },
    {
        "id": 88,
        "name": "Apple MacBook Pro 16",
        "data": {
            "year": "2019",
            "price": "1849.99",
            "CPU model": "Intel Core i9",
            "Hard disk size": "1 TB",
            "color": "red",
            "capacity": 2,
            "screen_size": 14
        }
    },
    {
        "id": 89,
        "name": "Apple MacBook Pro 16",
        "data": {
            "year": "2019",
            "price": "1849.99",
            "CPU model": "Intel Core i9",
            "Hard disk size": "1 TB",
            "color": "red",
            "capacity": 2,
            "screen_size": 14
        }
    },
    {
        "id": 90,
        "name": "Apple MacBook Pro 16",
        "data": {
            "year": "2019",
            "price": "1849.99",
            "CPU model": "Intel Core i9",
            "Hard disk size": "1 TB",
            "color": "red",
            "capacity": 2,
            "screen_size": 14
        }
    },
    {
        "id": 91,
        "name": "Apple MacBook Pro 16",
        "data": {
            "year": "2019",
            "price": "1849.99",
            "CPU model": "Intel Core i9",
            "Hard disk size": "1 TB",
            "color": "red",
            "capacity": 2,
            "screen_size": 14
        }
    },
    {
        "id": 188,
        "name": "Apple MacBook Pro 16",
        "data": {
            "year": "2019",
            "price": "1849.99",
            "CPU model": "Intel Core i9",
            "Hard disk size": "1 TB",
            "color": "red",
            "capacity": 2,
            "screen_size": 14
        }
    },
    {
        "id": 93,
        "name": "Apple MacBook Pro 16",
        "data": {
            "year": "2019",
            "price": "1849.99",
            "CPU model": "Intel Core i9",
            "Hard disk size": "1 TB",
            "color": "red",
            "capacity": 2,
            "screen_size": 14
        }
    },
    {
        "id": 135,
        "name": "Apple MacBook Pro 16",
        "data": {
            "year": "2019",
            "price": "1849.99",
            "CPU model": "Intel Core i9",
            "Hard disk size": "1 TB",
            "color": "red",
            "capacity": 2,
            "screen_size": 14
        }
    },
    {
        "id": 95,
        "name": "Apple MacBook Pro 16 Nikko",
        "data": {
            "year": "2019",
            "price": "1849.99",
            "CPU model": "Intel Core i9",
            "Hard disk size": "1 TB",
            "color": "red",
            "capacity": 2,
            "screen_size": 14
        }
    },
    {
        "id": 133,
        "name": "Apple MacBook Pro 16",
        "data": {
            "year": "2019",
            "price": "1849.99",
            "CPU model": "Intel Core i9",
            "Hard disk size": "1 TB",
            "color": "red",
            "capacity": 2,
            "screen_size": 14
        }
    },
    {
        "id": 96,
        "name": "Apple MacBook Pro 16 Nikko",
        "data": {
            "year": "2019",
            "price": "1849.99",
            "CPU model": "Intel Core i9",
            "Hard disk size": "1 TB",
            "color": "red",
            "capacity": 2,
            "screen_size": 14
        }
    },
    {
        "id": 136,
        "name": "Apple MacBook Pro 16",
        "data": {
            "year": "2019",
            "price": "1849.99",
            "CPU model": "Intel Core i9",
            "Hard disk size": "1 TB",
            "color": "red",
            "capacity": 2,
            "screen_size": 14
        }
    },
    {
        "id": 197,
        "name": "Apple MacBook Pro 16 Diana Punya",
        "data": {
            "year": "2025",
            "price": "1849.99",
            "CPU model": "Intel Core i9",
            "Hard disk size": "1 TB",
            "color": "red",
            "capacity": 2,
            "screen_size": 14
        }
    },
    {
        "id": 200,
        "name": "Apple MacBook Pro 16 Diana Punya",
        "data": {
            "year": "2025",
            "price": "1849.99",
            "CPU model": "Intel Core i9",
            "Hard disk size": "1 TB",
            "color": "red",
            "capacity": 2,
            "screen_size": 14
        }
    },
    {
        "id": 103,
        "name": "Apple MacBook Pro 16",
        "data": {
            "year": "2019",
            "price": "1849.99",
            "CPU model": "Intel Core i9",
            "Hard disk size": "1 TB",
            "color": "red",
            "capacity": 2,
            "screen_size": 14
        }
    },
    {
        "id": 107,
        "name": "Apple MacBook Pro 16",
        "data": {
            "year": "2019",
            "price": "1849.99",
            "CPU model": "Intel Core i9",
            "Hard disk size": "1 TB",
            "color": "red",
            "capacity": 2,
            "screen_size": 14
        }
    },
    {
        "id": 145,
        "name": "Apple MacBook Pro 1611-albert12",
        "data": {
            "year": "2030",
            "price": "1849.99",
            "CPU model": "Intel Core i9",
            "Hard disk size": "1 TB",
            "color": "red",
            "capacity": 2,
            "screen_size": 14
        }
    },
    {
        "id": 106,
        "name": "Apple MacBook Pro 17",
        "data": {
            "year": "2019",
            "price": "1849.99",
            "CPU model": "Intel Core i9",
            "Hard disk size": "1 TB",
            "color": "red",
            "capacity": 2,
            "screen_size": 14
        }
    },
    {
        "id": 94,
        "name": "Apple MacBook Pro X 22",
        "data": {
            "year": "2022",
            "price": "1849.99",
            "CPU model": "Intel Core i9",
            "Hard disk size": "1 TB",
            "color": "red",
            "capacity": 2,
            "screen_size": 14
        }
    },
    {
        "id": 104,
        "name": "Apple MacBook Pro 1611-albert12",
        "data": {
            "year": "2030",
            "price": "1849.99",
            "CPU model": "Intel Core i9",
            "Hard disk size": "1 TB",
            "color": "red",
            "capacity": 2,
            "screen_size": 14
        }
    },
    {
        "id": 105,
        "name": "Apple MacBook Pro 16",
        "data": {
            "year": "2019",
            "price": "1849.99",
            "CPU model": "Intel Core i9",
            "Hard disk size": "1 TB",
            "color": "red",
            "capacity": 2,
            "screen_size": 14
        }
    },
    {
        "id": 110,
        "name": "Apple MacBook Pro 16",
        "data": {
            "year": "2019",
            "price": "1849.99",
            "CPU model": "Intel Core i9",
            "Hard disk size": "1 TB",
            "color": "red",
            "capacity": 2,
            "screen_size": 14
        }
    },
    {
        "id": 113,
        "name": "Apple MacBook Pro 16",
        "data": {
            "year": "2019",
            "price": "1849.99",
            "CPU model": "Intel Core i9",
            "Hard disk size": "1 TB",
            "color": "red",
            "capacity": 2,
            "screen_size": 14
        }
    },
    {
        "id": 114,
        "name": "Apple MacBook Pro 16",
        "data": {
            "year": "2019",
            "price": "1849.99",
            "CPU model": "Intel Core i9",
            "Hard disk size": "1 TB",
            "color": "red",
            "capacity": 2,
            "screen_size": 14
        }
    },
    {
        "id": 115,
        "name": "Apple MacBook Pro 16",
        "data": {
            "year": "2019",
            "price": "1849.99",
            "CPU model": "Intel Core i9",
            "Hard disk size": "1 TB",
            "color": "red",
            "capacity": 2,
            "screen_size": 14
        }
    },
    {
        "id": 119,
        "name": "Asus Notebook Yuana",
        "data": {
            "year": "2025",
            "price": "1000",
            "CPU model": "Intel I3",
            "Hard disk size": "500 GB",
            "color": "red",
            "capacity": 2,
            "screen_size": 15
        }
    },
    {
        "id": 120,
        "name": "Apple MacBook Pro 16",
        "data": {
            "year": "2019",
            "price": "1849.99",
            "CPU model": "Intel Core i9",
            "Hard disk size": "1 TB",
            "color": "red",
            "capacity": 2,
            "screen_size": 14
        }
    },
    {
        "id": 117,
        "name": "Apple MacBook Pro 16",
        "data": {
            "year": "2019",
            "price": "1849.99",
            "CPU model": "Intel Core i9",
            "Hard disk size": "1 TB",
            "color": "red",
            "capacity": 2,
            "screen_size": 14
        }
    },
    {
        "id": 108,
        "name": "Lenovo Thinkpad T14s - Drajatp",
        "data": {
            "year": "2024",
            "price": "2049.99",
            "CPU model": "Intel vPRO Enterprise",
            "Hard disk size": "500 GB",
            "color": "black",
            "capacity": 4,
            "screen_size": 14
        }
    },
    {
        "id": 160,
        "name": "Apple MacBook Pro 16",
        "data": {
            "year": "2019",
            "price": "1849.99",
            "CPU model": "Intel Core i9",
            "Hard disk size": "1 TB",
            "color": "red",
            "capacity": 2,
            "screen_size": 14
        }
    },
    {
        "id": 101,
        "name": "Apple MacBook Pro 160-DianaPunya",
        "data": {
            "year": "2027",
            "price": "23500000",
            "CPU model": "Intel Core i9",
            "Hard disk size": "1 TB",
            "color": "Black",
            "capacity": 2,
            "screen_size": 16
        }
    },
    {
        "id": 123,
        "name": "HP Notebook Yuana",
        "data": {
            "year": "2025",
            "price": "4000",
            "CPU model": "Intel I7",
            "Hard disk size": "500 GB",
            "color": "hitam",
            "capacity": 2,
            "screen_size": 15
        }
    },
    {
        "id": 128,
        "name": "ACER Notebook Yuana",
        "data": {
            "year": "2024",
            "price": "4000",
            "CPU model": "Intel I7",
            "Hard disk size": "500 GB",
            "color": "hitam",
            "capacity": 2,
            "screen_size": 15
        }
    },
    {
        "id": 124,
        "name": "ACER Notebook Yuana",
        "data": {
            "year": "2024",
            "price": "4000",
            "CPU model": "Intel I7",
            "Hard disk size": "500 GB",
            "color": "hitam",
            "capacity": 2,
            "screen_size": 15
        }
    },
    {
        "id": 121,
        "name": "Apple MacBook Pro 16",
        "data": {
            "year": "2019",
            "price": "1849.99",
            "CPU model": "Intel Core i9",
            "Hard disk size": "1 TB",
            "color": "red",
            "capacity": 2,
            "screen_size": 14
        }
    },
    {
        "id": 129,
        "name": "Apple MacBook Pro 16",
        "data": {
            "year": "2019",
            "price": "1849.99",
            "CPU model": "Intel Core i9",
            "Hard disk size": "1 TB",
            "color": "red",
            "capacity": 2,
            "screen_size": 14
        }
    },
    {
        "id": 138,
        "name": "Apple MacBook Pro 1611-albert12",
        "data": {
            "year": "2030",
            "price": "1849.99",
            "CPU model": "Intel Core i9",
            "Hard disk size": "1 TB",
            "color": "red",
            "capacity": 2,
            "screen_size": 14
        }
    },
    {
        "id": 202,
        "name": "Apple MacBook Pro 16 Diana Punya Updated",
        "data": {
            "year": "2027",
            "price": "9384765",
            "CPU model": "Intel Core i9 plus",
            "Hard disk size": "3 TB",
            "color": "blue",
            "capacity": 5,
            "screen_size": 15
        }
    },
    {
        "id": 102,
        "name": "Apple MacBook Pro 1611-ikhsan12",
        "data": {
            "year": "2030",
            "price": "1849.99",
            "CPU model": "Intel Core i9",
            "Hard disk size": "1 TB",
            "color": "red",
            "capacity": 2,
            "screen_size": 14
        }
    },
    {
        "id": 140,
        "name": "Acer Aspire Lite AL14-52M-54V4",
        "data": {
            "year": "2024",
            "price": "10000000",
            "CPU model": "Intel Core i5-1334 CPU @1.30-4.60Ghz",
            "Hard disk size": "512GB SSD M2 NVMe",
            "color": "black",
            "capacity": 10,
            "screen_size": 14
        }
    },
    {
        "id": 132,
        "name": "ACER Notebook Yuana",
        "data": {
            "year": "2024",
            "price": "4000",
            "CPU model": "Intel I7",
            "Hard disk size": "500 GB",
            "color": "hitam",
            "capacity": 2,
            "screen_size": 15
        }
    },
    {
        "id": 153,
        "name": "Apple MacBook Pro 1611-albert12",
        "data": {
            "year": "2030",
            "price": "1849.99",
            "CPU model": "Intel Core i9",
            "Hard disk size": "1 TB",
            "color": "red",
            "capacity": 2,
            "screen_size": 14
        }
    },
    {
        "id": 142,
        "name": "Apple MacBook Pro 16",
        "data": {
            "year": "2019",
            "price": "1849.99",
            "CPU model": "Intel Core i9",
            "Hard disk size": "1 TB",
            "color": "red",
            "capacity": 2,
            "screen_size": 14
        }
    },
    {
        "id": 97,
        "name": "Apple MacBook Pro 16",
        "data": {
            "year": "2019",
            "price": "1849.99",
            "CPU model": "Intel Core i9",
            "Hard disk size": "1 TB",
            "color": "red",
            "capacity": 2,
            "screen_size": 14
        }
    },
    {
        "id": 143,
        "name": "Apple MacBook Pro 16",
        "data": {
            "year": "2019",
            "price": "1849.99",
            "CPU model": "Intel Core i9",
            "Hard disk size": "1 TB",
            "color": "red",
            "capacity": 2,
            "screen_size": 14
        }
    },
    {
        "id": 144,
        "name": "Apple MacBook Pro 16",
        "data": {
            "year": "2019",
            "price": "1849.99",
            "CPU model": "Intel Core i9",
            "Hard disk size": "1 TB",
            "color": "red",
            "capacity": 2,
            "screen_size": 14
        }
    },
    {
        "id": 100,
        "name": "Apple MacBook Pro 1611-albert12",
        "data": {
            "year": "2030",
            "price": "1849.99",
            "CPU model": "Intel Core i9",
            "Hard disk size": "1 TB",
            "color": "red",
            "capacity": 2,
            "screen_size": 14
        }
    },
    {
        "id": 154,
        "name": "Add object Destia",
        "data": {
            "year": "2019",
            "price": "1849.99",
            "CPU model": "Intel Core i9",
            "Hard disk size": "1 TB",
            "color": "red",
            "capacity": 2,
            "screen_size": 14
        }
    },
    {
        "id": 155,
        "name": "Add object Destia via TestNG",
        "data": {
            "year": "2019",
            "price": "1849.99",
            "CPU model": "Intel Core i9",
            "Hard disk size": "1 TB",
            "color": "red",
            "capacity": 2,
            "screen_size": 14
        }
    },
    {
        "id": 158,
        "name": "Apple MacBook Pro 16",
        "data": {
            "year": "2019",
            "price": "1849.99",
            "CPU model": "Intel Core i9",
            "Hard disk size": "1 TB",
            "color": "red",
            "capacity": 2,
            "screen_size": 14
        }
    },
    {
        "id": 159,
        "name": "Add object Destia via TestNG",
        "data": {
            "year": "2025",
            "price": "1849.99",
            "CPU model": "ADD Intel Core i9",
            "Hard disk size": "1 TB",
            "color": "red",
            "capacity": 2,
            "screen_size": 14
        }
    },
    {
        "id": 156,
        "name": "DESTIA Update Partial Object",
        "data": {
            "year": "2025",
            "price": "1849.99",
            "CPU model": "ADD Intel Core i9",
            "Hard disk size": "1 TB",
            "color": "red",
            "capacity": 2,
            "screen_size": 14
        }
    },
    {
        "id": 161,
        "name": "Apple MacBook Pro 16",
        "data": {
            "year": "2019",
            "price": "1849.99",
            "CPU model": "Intel Core i9",
            "Hard disk size": "1 TB",
            "color": "red",
            "capacity": 2,
            "screen_size": 14
        }
    },
    {
        "id": 164,
        "name": "Apple MacBook Pro 16",
        "data": {
            "year": "2019",
            "price": "1849.99",
            "CPU model": "Intel Core i9",
            "Hard disk size": "1 TB",
            "color": "red",
            "capacity": 2,
            "screen_size": 14
        }
    },
    {
        "id": 163,
        "name": "Apple MacBook Pro 16",
        "data": {
            "year": "2019",
            "price": "1849.99",
            "CPU model": "Intel Core i9",
            "Hard disk size": "1 TB",
            "color": "red",
            "capacity": 2,
            "screen_size": 14
        }
    },
    {
        "id": 111,
        "name": "Apple MacBook Pro 1611-albert12",
        "data": {
            "year": "2030",
            "price": "1000",
            "CPU model": "Intel I3",
            "Hard disk size": "500 GB",
            "color": "red",
            "capacity": 2,
            "screen_size": 15
        }
    },
    {
        "id": 165,
        "name": "Apple MacBook Pro 16",
        "data": {
            "year": "2019",
            "price": "1849.99",
            "CPU model": "Intel Core i9",
            "Hard disk size": "1 TB",
            "color": "red",
            "capacity": 2,
            "screen_size": 14
        }
    },
    {
        "id": 167,
        "name": "Apple MacBook Pro 16",
        "data": {
            "year": "2019",
            "price": "1849.99",
            "CPU model": "Intel Core i9",
            "Hard disk size": "1 TB",
            "color": "red",
            "capacity": 2,
            "screen_size": 14
        }
    },
    {
        "id": 178,
        "name": "HP SERI W EDIT",
        "data": {
            "year": "2019",
            "price": "1849.99",
            "CPU model": "Intel Core i9",
            "Hard disk size": "1 TB",
            "color": "red",
            "capacity": 2,
            "screen_size": 14
        }
    },
    {
        "id": 169,
        "name": "Add object Destia via TestNG",
        "data": {
            "year": "2025",
            "price": "1849.99",
            "CPU model": "ADD Intel Core i9",
            "Hard disk size": "1 TB",
            "color": "red",
            "capacity": 2,
            "screen_size": 14
        }
    },
    {
        "id": 166,
        "name": "Apple MacBook Pro 1611-albert12",
        "data": {
            "year": "2030",
            "price": "1849.99",
            "CPU model": "Intel Core i9",
            "Hard disk size": "1 TB",
            "color": "red",
            "capacity": 2,
            "screen_size": 14
        }
    },
    {
        "id": 170,
        "name": "Lenovo Ideapad 7i",
        "data": {
            "year": "2023",
            "price": "1849.99",
            "CPU model": "Intel Core i7",
            "Hard disk size": "1 TB",
            "color": "silver",
            "capacity": 2,
            "screen_size": 14
        }
    },
    {
        "id": 171,
        "name": "Apple MacBook Pro 16",
        "data": {
            "year": "2019",
            "price": "1849.99",
            "CPU model": "Intel Core i9",
            "Hard disk size": "1 TB",
            "color": "red",
            "capacity": 2,
            "screen_size": 14
        }
    },
    {
        "id": 172,
        "name": "Apple MacBook Pro 16",
        "data": {
            "year": "2019",
            "price": "1849.99",
            "CPU model": "Intel Core i9",
            "Hard disk size": "1 TB",
            "color": "red",
            "capacity": 2,
            "screen_size": 14
        }
    },
    {
        "id": 173,
        "name": "Apple MacBook Pro 16",
        "data": {
            "year": "2019",
            "price": "1849.99",
            "CPU model": "Intel Core i9",
            "Hard disk size": "1 TB",
            "color": "red",
            "capacity": 2,
            "screen_size": 14
        }
    },
    {
        "id": 174,
        "name": "Apple MacBook Pro 16",
        "data": {
            "year": "2019",
            "price": "1849.99",
            "CPU model": "Intel Core i9",
            "Hard disk size": "1 TB",
            "color": "red",
            "capacity": 2,
            "screen_size": 14
        }
    },
    {
        "id": 177,
        "name": "Laptop Uhuy",
        "data": {
            "year": "2025",
            "price": "2549.99",
            "CPU model": "Intel Core i9",
            "Hard disk size": "1 TB",
            "color": "Black",
            "capacity": 2,
            "screen_size": 16
        }
    },
    {
        "id": 207,
        "name": "Apple MacBook Pro 16 Diana Punya",
        "data": {
            "year": "2025",
            "price": "1849.99",
            "CPU model": "Intel Core i9",
            "Hard disk size": "1 TB",
            "color": "red",
            "capacity": 2,
            "screen_size": 14
        }
    },
    {
        "id": 179,
        "name": "Laptop Uhuy",
        "data": {
            "year": "2025",
            "price": "2549.99",
            "CPU model": "Intel Core i9",
            "Hard disk size": "1 TB",
            "color": "Black",
            "capacity": 2,
            "screen_size": 16
        }
    },
    {
        "id": 175,
        "name": "Laptop Uhuyan",
        "data": {
            "year": "2025",
            "price": "2549.99",
            "CPU model": "IntelCorei9",
            "Hard disk size": "1 TB",
            "color": "Black",
            "capacity": 2,
            "screen_size": 16
        }
    },
    {
        "id": 192,
        "name": "Apple MacBook Pro 1611-albert12",
        "data": {
            "year": "2030",
            "price": "2549.99",
            "CPU model": "Intel Core i9",
            "Hard disk size": "1 TB",
            "color": "Black",
            "capacity": 2,
            "screen_size": 16
        }
    },
    {
        "id": 180,
        "name": "Laptop Uhuy",
        "data": {
            "year": "2025",
            "price": "2549.99",
            "CPU model": "Intel Core i9",
            "Hard disk size": "1 TB",
            "color": "Black",
            "capacity": 2,
            "screen_size": 16
        }
    },
    {
        "id": 181,
        "name": "Laptop Uhuy",
        "data": {
            "year": "2025",
            "price": "2549.99",
            "CPU model": "Intel Core i9",
            "Hard disk size": "1 TB",
            "color": "Black",
            "capacity": 2,
            "screen_size": 16
        }
    },
    {
        "id": 182,
        "name": "Laptop Uhuy",
        "data": {
            "year": "2025",
            "price": "2549.99",
            "CPU model": "Intel Core i9",
            "Hard disk size": "1 TB",
            "color": "Black",
            "capacity": 2,
            "screen_size": 16
        }
    },
    {
        "id": 183,
        "name": "Laptop Uhuy",
        "data": {
            "year": "2025",
            "price": "2549.99",
            "CPU model": "Intel Core i9",
            "Hard disk size": "1 TB",
            "color": "Black",
            "capacity": 2,
            "screen_size": 16
        }
    },
    {
        "id": 195,
        "name": "Apple MacBook Pro 16 - update bondan",
        "data": {
            "year": "2019",
            "price": "1849.99",
            "CPU model": "Intel Core i9",
            "Hard disk size": "1 TB",
            "color": "red",
            "capacity": 2,
            "screen_size": 14
        }
    },
    {
        "id": 213,
        "name": "Apple MacBook Pro 16 Diana Punya",
        "data": {
            "year": "2025",
            "price": "1849.99",
            "CPU model": "Intel Core i9",
            "Hard disk size": "1 TB",
            "color": "red",
            "capacity": 2,
            "screen_size": 14
        }
    },
    {
        "id": 215,
        "name": "Apple MacBook Pro 16 Diana Punya",
        "data": {
            "year": "2025",
            "price": "1849.99",
            "CPU model": "Intel Core i9",
            "Hard disk size": "1 TB",
            "color": "red",
            "capacity": 2,
            "screen_size": 14
        }
    },
    {
        "id": 217,
        "name": "Apple MacBook Pro 16",
        "data": {
            "year": "2019",
            "price": "1849.99",
            "CPU model": "Intel Core i9",
            "Hard disk size": "1 TB",
            "color": "red",
            "capacity": 2,
            "screen_size": 14
        }
    },
    {
        "id": 218,
        "name": "Apple MacBook Pro 16 Diana Punya",
        "data": {
            "year": "2025",
            "price": "1849.99",
            "CPU model": "Intel Core i9",
            "Hard disk size": "1 TB",
            "color": "red",
            "capacity": 2,
            "screen_size": 14
        }
    },
    {
        "id": 256,
        "name": "Lenovo Ideapad 7i",
        "data": {
            "year": "2023",
            "price": "1849.99",
            "CPU model": "Intel Core i7",
            "Hard disk size": "1 TB",
            "color": "silver",
            "capacity": 2,
            "screen_size": 14
        }
    },
    {
        "id": 203,
        "name": "Apple MacBook Pro 16",
        "data": {
            "year": "2019",
            "price": "1849.99",
            "CPU model": "Intel Core i9",
            "Hard disk size": "1 TB",
            "color": "red",
            "capacity": 2,
            "screen_size": 14
        }
    },
    {
        "id": 220,
        "name": "Apple MacBook Pro 16 Diana Punya",
        "data": {
            "year": "2025",
            "price": "1849.99",
            "CPU model": "Intel Core i9",
            "Hard disk size": "1 TB",
            "color": "red",
            "capacity": 2,
            "screen_size": 14
        }
    },
    {
        "id": 246,
        "name": "Lenovo Ideapad 7i",
        "data": {
            "year": "2023",
            "price": "1849.99",
            "CPU model": "Intel Core i7",
            "Hard disk size": "1 TB",
            "color": "silver",
            "capacity": 2,
            "screen_size": 14
        }
    },
    {
        "id": 267,
        "name": "Apple MacBook Pro 16",
        "data": {
            "year": "2019",
            "price": "1849.99",
            "CPU model": "Intel Core i9",
            "Hard disk size": "1 TB",
            "color": "red",
            "capacity": 2,
            "screen_size": 14
        }
    },
    {
        "id": 247,
        "name": "Macbook Red",
        "data": {
            "year": "2024",
            "price": "1999.99",
            "CPU model": "M3 Pro",
            "Hard disk size": "1 TB",
            "color": "red",
            "capacity": 2,
            "screen_size": 14
        }
    },
    {
        "id": 209,
        "name": "Apple MacBook Pro 16 - Bondan PATCH",
        "data": {
            "year": "2025",
            "price": "1849.99",
            "CPU model": "Intel Core i9",
            "Hard disk size": "1 TB",
            "color": "red",
            "capacity": 2,
            "screen_size": 14
        }
    },
    {
        "id": 248,
        "name": "Lenovo Ideapad 7i",
        "data": {
            "year": "2023",
            "price": "1849.99",
            "CPU model": "Intel Core i7",
            "Hard disk size": "1 TB",
            "color": "silver",
            "capacity": 2,
            "screen_size": 14
        }
    },
    {
        "id": 222,
        "name": "Apple MacBook Pro 16",
        "data": {
            "year": "2019",
            "price": "1849.99",
            "CPU model": "Intel Core i9",
            "Hard disk size": "1 TB",
            "color": "red",
            "capacity": 2,
            "screen_size": 14
        }
    },
    {
        "id": 224,
        "name": "Apple MacBook Pro 16",
        "data": {
            "year": "2019",
            "price": "1849.99",
            "CPU model": "Intel Core i9",
            "Hard disk size": "1 TB",
            "color": "red",
            "capacity": 2,
            "screen_size": 14
        }
    },
    {
        "id": 226,
        "name": "Apple MacBook Pro 16",
        "data": {
            "year": "2019",
            "price": "1849.99",
            "CPU model": "Intel Core i9",
            "Hard disk size": "1 TB",
            "color": "red",
            "capacity": 2,
            "screen_size": 14
        }
    },
    {
        "id": 228,
        "name": "Apple MacBook Pro 16",
        "data": {
            "year": "2019",
            "price": "1849.99",
            "CPU model": "Intel Core i9",
            "Hard disk size": "1 TB",
            "color": "red",
            "capacity": 2,
            "screen_size": 14
        }
    },
    {
        "id": 230,
        "name": "Apple MacBook Air M1 azhar",
        "data": {
            "year": "2020",
            "price": "1199",
            "CPU model": "Apple M1",
            "Hard disk size": "256 GB",
            "color": "SPace Grey",
            "capacity": 8,
            "screen_size": 13
        }
    },
    {
        "id": 234,
        "name": "Lenovo Ideapad 7i",
        "data": {
            "year": "2023",
            "price": "1849.99",
            "CPU model": "Intel Core i7",
            "Hard disk size": "1 TB",
            "color": "silver",
            "capacity": 2,
            "screen_size": 14
        }
    },
    {
        "id": 198,
        "name": "Apple MacBook Pro 16 Diana Punya",
        "data": {
            "year": "2025",
            "price": "1849.99",
            "CPU model": "Intel Core i9",
            "Hard disk size": "1 TB",
            "color": "red",
            "capacity": 2,
            "screen_size": 14
        }
    },
    {
        "id": 238,
        "name": "Lenovo Ideapad 7i",
        "data": {
            "year": "2023",
            "price": "1849.99",
            "CPU model": "Intel Core i7",
            "Hard disk size": "1 TB",
            "color": "silver",
            "capacity": 2,
            "screen_size": 14
        }
    },
    {
        "id": 242,
        "name": "Lenovo Ideapad 7i",
        "data": {
            "year": "2023",
            "price": "1849.99",
            "CPU model": "Intel Core i7",
            "Hard disk size": "1 TB",
            "color": "silver",
            "capacity": 2,
            "screen_size": 14
        }
    },
    {
        "id": 112,
        "name": "Apple MacBook Pro 1611-albert12",
        "data": {
            "year": "2030",
            "price": "1849.99",
            "CPU model": "Intel Core i9",
            "Hard disk size": "1 TB",
            "color": "red",
            "capacity": 2,
            "screen_size": 14
        }
    },
    {
        "id": 243,
        "name": "Lenovo Ideapad 7i",
        "data": {
            "year": "2023",
            "price": "1849.99",
            "CPU model": "Intel Core i7",
            "Hard disk size": "1 TB",
            "color": "silver",
            "capacity": 2,
            "screen_size": 14
        }
    },
    {
        "id": 244,
        "name": "Apple MacBook Air M1 azhar partially update",
        "data": {
            "year": "2020",
            "price": "999",
            "CPU model": "Apple M1 partially update",
            "Hard disk size": "256 GB",
            "color": "space grey",
            "capacity": 8,
            "screen_size": 13
        }
    },
    {
        "id": 257,
        "name": "Lenovo Ideapad 7i",
        "data": {
            "year": "2023",
            "price": "1849.99",
            "CPU model": "Intel Core i7",
            "Hard disk size": "1 TB",
            "color": "silver",
            "capacity": 2,
            "screen_size": 14
        }
    },
    {
        "id": 261,
        "name": "Apple MacBook Pro 16",
        "data": {
            "year": "2019",
            "price": "1849.99",
            "CPU model": "Intel Core i9",
            "Hard disk size": "1 TB",
            "color": "red",
            "capacity": 2,
            "screen_size": 14
        }
    },
    {
        "id": 250,
        "name": "Macbook Red",
        "data": {
            "year": "2024",
            "price": "1999.99",
            "CPU model": "M3 Pro",
            "Hard disk size": "1 TB",
            "color": "red",
            "capacity": 2,
            "screen_size": 14
        }
    },
    {
        "id": 251,
        "name": "Macbook Red",
        "data": {
            "year": "2024",
            "price": "1999.99",
            "CPU model": "M3 Pro",
            "Hard disk size": "1 TB",
            "color": "red",
            "capacity": 2,
            "screen_size": 14
        }
    },
    {
        "id": 252,
        "name": "Lenovo Ideapad 7i",
        "data": {
            "year": "2023",
            "price": "1849.99",
            "CPU model": "Intel Core i7",
            "Hard disk size": "1 TB",
            "color": "silver",
            "capacity": 2,
            "screen_size": 14
        }
    },
    {
        "id": 258,
        "name": "Lenovo Ideapad 7i",
        "data": {
            "year": "2023",
            "price": "1849.99",
            "CPU model": "Intel Core i7",
            "Hard disk size": "1 TB",
            "color": "silver",
            "capacity": 2,
            "screen_size": 14
        }
    },
    {
        "id": 254,
        "name": "Macbook Blue",
        "data": {
            "year": "2025",
            "price": "2499.99",
            "CPU model": "M3 Max",
            "Hard disk size": "2 TB",
            "color": "blue",
            "capacity": 4,
            "screen_size": 16
        }
    },
    {
        "id": 255,
        "name": "Macbook Red",
        "data": {
            "year": "2024",
            "price": "1999.99",
            "CPU model": "M3 Pro",
            "Hard disk size": "1 TB",
            "color": "red",
            "capacity": 2,
            "screen_size": 14
        }
    },
    {
        "id": 233,
        "name": "Lenovo Ideapad 7i",
        "data": {
            "year": "2023",
            "price": "1849.99",
            "CPU model": "Intel Core i7",
            "Hard disk size": "1 TB",
            "color": "blue",
            "capacity": 2,
            "screen_size": 14
        }
    },
    {
        "id": 268,
        "name": "Apple MacBook Pro 16",
        "data": {
            "year": "2019",
            "price": "1849.99",
            "CPU model": "Intel Core i9",
            "Hard disk size": "1 TB",
            "color": "red",
            "capacity": 2,
            "screen_size": 14
        }
    },
    {
        "id": 269,
        "name": "Apple MacBook Pro 16",
        "data": {
            "year": "2019",
            "price": "1849.99",
            "CPU model": "Intel Core i9",
            "Hard disk size": "1 TB",
            "color": "red",
            "capacity": 2,
            "screen_size": 14
        }
    },
    {
        "id": 272,
        "name": "Apple MacBook Air M1 azhar",
        "data": {
            "year": "2020",
            "price": "1199",
            "CPU model": "Apple M1",
            "Hard disk size": "256 GB",
            "color": "SPace Grey",
            "capacity": 8,
            "screen_size": 13
        }
    },
    {
        "id": 270,
        "name": "Apple MacBook Pro 16",
        "data": {
            "year": "2019",
            "price": "1849.99",
            "CPU model": "Intel Core i9",
            "Hard disk size": "1 TB",
            "color": "red",
            "capacity": 2,
            "screen_size": 14
        }
    }
]
[
    {
        "id": 196,
        "name": "Apple MacBook Pro 16",
        "data": {
            "year": "2019",
            "price": "1849.99",
            "CPU model": "Intel Core i9",
            "Hard disk size": "1 TB",
            "color": "red",
            "capacity": 2,
            "screen_size": 14
        }
    },
    {
        "id": 82,
        "name": "Apple MacBook Pro 1611-albert12",
        "data": {
            "year": "2030",
            "price": "1849.99",
            "CPU model": "Intel Core i9",
            "Hard disk size": "1 TB",
            "color": "red",
            "capacity": 2,
            "screen_size": 14
        }
    },
    {
        "id": 50,
        "name": "Apple MacBook Pro 16",
        "data": {
            "year": "2019",
            "price": "1849.99",
            "CPU model": "Intel Core i9",
            "Hard disk size": "1 TB",
            "color": "red",
            "capacity": 2,
            "screen_size": 14
        }
    },
    {
        "id": 210,
        "name": "Apple MacBook Pro 16 Diana Punya",
        "data": {
            "year": "2025",
            "price": "1849.99",
            "CPU model": "Intel Core i9",
            "Hard disk size": "1 TB",
            "color": "red",
            "capacity": 2,
            "screen_size": 14
        }
    },
    {
        "id": 214,
        "name": "Apple MacBook Pro 16 Diana Punya",
        "data": {
            "year": "2025",
            "price": "1849.99",
            "CPU model": "Intel Core i9",
            "Hard disk size": "1 TB",
            "color": "red",
            "capacity": 2,
            "screen_size": 14
        }
    },
    {
        "id": 13,
        "name": "Apple MacBook Pro 16 - Alifa",
        "data": {
            "year": "2019",
            "price": "1849.99",
            "CPU model": "Intel Core i9",
            "Hard disk size": "1 TB",
            "color": "red",
            "capacity": 2,
            "screen_size": 14
        }
    },
    {
        "id": 14,
        "name": "Apple MacBook Pro 16 - Alifa",
        "data": {
            "year": "2019",
            "price": "1849.99",
            "CPU model": "Intel Core i9",
            "Hard disk size": "1 TB",
            "color": "red",
            "capacity": 2,
            "screen_size": 14
        }
    },
    {
        "id": 216,
        "name": "Apple MacBook Pro 16 Diana Punya",
        "data": {
            "year": "2025",
            "price": "1849.99",
            "CPU model": "Intel Core i9",
            "Hard disk size": "1 TB",
            "color": "red",
            "capacity": 2,
            "screen_size": 14
        }
    },
    {
        "id": 16,
        "name": "Apple MacBook Pro 16 - Alifa",
        "data": {
            "year": "2019",
            "price": "1849.99",
            "CPU model": "Intel Core i9",
            "Hard disk size": "1 TB",
            "color": "red",
            "capacity": 2,
            "screen_size": 14
        }
    },
    {
        "id": 19,
        "name": "Apple MacBook Pro 16 - Alifa Final",
        "data": {
            "year": "2019",
            "price": "1849.99",
            "CPU model": "Intel Core i9",
            "Hard disk size": "1 TB",
            "color": "red",
            "capacity": 2,
            "screen_size": 14
        }
    },
    {
        "id": 184,
        "name": "Apple MacBook Pro 1611-albert12",
        "data": {
            "year": "2030",
            "price": "1849.99",
            "CPU model": "Intel Core i9",
            "Hard disk size": "1 TB",
            "color": "blue",
            "capacity": 2,
            "screen_size": 14
        }
    },
    {
        "id": 219,
        "name": "Apple MacBook Pro 16",
        "data": {
            "year": "2019",
            "price": "1849.99",
            "CPU model": "Intel Core i9",
            "Hard disk size": "1 TB",
            "color": "red",
            "capacity": 2,
            "screen_size": 14
        }
    },
    {
        "id": 221,
        "name": "Apple MacBook Pro 16 Diana Punya",
        "data": {
            "year": "2025",
            "price": "1849.99",
            "CPU model": "Intel Core i9",
            "Hard disk size": "1 TB",
            "color": "red",
            "capacity": 2,
            "screen_size": 14
        }
    },
    {
        "id": 67,
        "name": "Apple MacBook Pro 1611-albert12",
        "data": {
            "year": "2030",
            "price": "1849.99",
            "CPU model": "Intel Core i9",
            "Hard disk size": "1 TB",
            "color": "Gray",
            "capacity": 2,
            "screen_size": 14
        }
    },
    {
        "id": 49,
        "name": "Apple MacBook Pro 16",
        "data": {
            "year": "2019",
            "price": "1849.99",
            "CPU model": "Intel Core i9",
            "Hard disk size": "1 TB",
            "color": "red",
            "capacity": 2,
            "screen_size": 14
        }
    },
    {
        "id": 60,
        "name": "Apple MacBook Pro 16",
        "data": {
            "year": "2019",
            "price": "1849.99",
            "CPU model": "Intel Core i9",
            "Hard disk size": "1 TB",
            "color": "red",
            "capacity": 2,
            "screen_size": 14
        }
    },
    {
        "id": 212,
        "name": "Perbarui Diana Sebagian",
        "data": {
            "year": "2025",
            "price": "1849.99",
            "CPU model": "Intel Core i9",
            "Hard disk size": "1 TB",
            "color": "red",
            "capacity": 2,
            "screen_size": 14
        }
    },
    {
        "id": 46,
        "name": "Lenovo K14",
        "data": {
            "year": "2024",
            "price": "1849.99",
            "CPU model": "Intel Core i9",
            "Hard disk size": "1 TB",
            "color": "black",
            "capacity": 2,
            "screen_size": 14
        }
    },
    {
        "id": 199,
        "name": "Apple MacBook Pro 16",
        "data": {
            "year": "2019",
            "price": "1849.99",
            "CPU model": "Intel Core i9",
            "Hard disk size": "1 TB",
            "color": "red",
            "capacity": 2,
            "screen_size": 14
        }
    },
    {
        "id": 23,
        "name": "Apple MacBook Pro 16",
        "data": {
            "year": "2019",
            "price": "1849.99",
            "CPU model": "Intel Core i9",
            "Hard disk size": "1 TB",
            "color": "red",
            "capacity": 2,
            "screen_size": 14
        }
    },
    {
        "id": 24,
        "name": "Apple MacBook Pro 16",
        "data": {
            "year": "2019",
            "price": "1849.99",
            "CPU model": "Intel Core i9",
            "Hard disk size": "1 TB",
            "color": "red",
            "capacity": 2,
            "screen_size": 14
        }
    },
    {
        "id": 25,
        "name": "Produk coba coba",
        "data": {
            "year": "2019",
            "price": "1849.99",
            "CPU model": "Intel Core i9",
            "Hard disk size": "1 TB",
            "color": "red",
            "capacity": 2,
            "screen_size": 14
        }
    },
    {
        "id": 26,
        "name": "Produk coba coba",
        "data": {
            "year": "2019",
            "price": "1849.99",
            "CPU model": "Intel Core i9",
            "Hard disk size": "1 TB",
            "color": "red",
            "capacity": 2,
            "screen_size": 14
        }
    },
    {
        "id": 27,
        "name": "Apple MacBook Pro 16",
        "data": {
            "year": "2019",
            "price": "1849.99",
            "CPU model": "Intel Core i9",
            "Hard disk size": "1 TB",
            "color": "red",
            "capacity": 2,
            "screen_size": 14
        }
    },
    {
        "id": 28,
        "name": "Apple MacBook Pro 16 - Alifa",
        "data": {
            "year": "2019",
            "price": "1849.99",
            "CPU model": "Intel Core i9",
            "Hard disk size": "1 TB",
            "color": "red",
            "capacity": 2,
            "screen_size": 14
        }
    },
    {
        "id": 9,
        "name": "Apple MacBook Pro 25 - Alifa Updated",
        "data": {
            "year": "2025",
            "price": "1999.99",
            "CPU model": "M5",
            "Hard disk size": "2 TB",
            "color": "grey",
            "capacity": 1,
            "screen_size": 13
        }
    },
    {
        "id": 30,
        "name": "Apple MacBook Pro 16",
        "data": {
            "year": "2019",
            "price": "1849.99",
            "CPU model": "Intel Core i9",
            "Hard disk size": "1 TB",
            "color": "red",
            "capacity": 2,
            "screen_size": 14
        }
    },
    {
        "id": 31,
        "name": "Lenovo K14",
        "data": {
            "year": "2024",
            "price": "1849.99",
            "CPU model": "Intel Core i9",
            "Hard disk size": "1 TB",
            "color": "black",
            "capacity": 2,
            "screen_size": 14
        }
    },
    {
        "id": 32,
        "name": "Apple MacBook Pro 16",
        "data": {
            "year": "2019",
            "price": "1849.99",
            "CPU model": "Intel Core i9",
            "Hard disk size": "1 TB",
            "color": "red",
            "capacity": 2,
            "screen_size": 14
        }
    },
    {
        "id": 33,
        "name": "Apple MacBook Pro 16",
        "data": {
            "year": "2019",
            "price": "1849.99",
            "CPU model": "Intel Core i9",
            "Hard disk size": "1 TB",
            "color": "red",
            "capacity": 2,
            "screen_size": 14
        }
    },
    {
        "id": 36,
        "name": "Apple MacBook Pro 1611-albert12",
        "data": {
            "year": "2030",
            "price": "1849.99",
            "CPU model": "Intel Core i9",
            "Hard disk size": "1 TB",
            "color": "red",
            "capacity": 2,
            "screen_size": 14
        }
    },
    {
        "id": 65,
        "name": "Apple MacBook Pro 16",
        "data": {
            "year": "2019",
            "price": "1849.99",
            "CPU model": "Intel Core i9",
            "Hard disk size": "1 TB",
            "color": "red",
            "capacity": 2,
            "screen_size": 14
        }
    },
    {
        "id": 83,
        "name": "Apple MacBook Pro 1611-albert12",
        "data": {
            "year": "2030",
            "price": "1849.99",
            "CPU model": "Intel Core i9",
            "Hard disk size": "1 TB",
            "color": "red",
            "capacity": 2,
            "screen_size": 14
        }
    },
    {
        "id": 62,
        "name": "Apple MacBook Pro M1",
        "data": {
            "year": "2020",
            "price": "1849.99",
            "CPU model": "Intel Core i9",
            "Hard disk size": "1 TB",
            "color": "blue",
            "capacity": 2,
            "screen_size": 14
        }
    },
    {
        "id": 51,
        "name": "Lenovo K14",
        "data": {
            "year": "2024",
            "price": "1849.99",
            "CPU model": "Intel Core i9",
            "Hard disk size": "1 TB",
            "color": "black",
            "capacity": 2,
            "screen_size": 14
        }
    },
    {
        "id": 201,
        "name": "Apple MacBook Pro 16",
        "data": {
            "year": "2019",
            "price": "1849.99",
            "CPU model": "Intel Core i9",
            "Hard disk size": "1 TB",
            "color": "red",
            "capacity": 2,
            "screen_size": 14
        }
    },
    {
        "id": 53,
        "name": "Apple MacBook Pro 16",
        "data": {
            "year": "2019",
            "price": "1849.99",
            "CPU model": "Intel Core i9",
            "Hard disk size": "1 TB",
            "color": "red",
            "capacity": 2,
            "screen_size": 14
        }
    },
    {
        "id": 225,
        "name": "Apple MacBook Pro 1611-albert12",
        "data": {
            "year": "2030",
            "price": "1849.99",
            "CPU model": "Intel Core i9",
            "Hard disk size": "1 TB",
            "color": "red",
            "capacity": 2,
            "screen_size": 14
        }
    },
    {
        "id": 193,
        "name": "Apple MacBook Pro 16",
        "data": {
            "year": "2019",
            "price": "1849.99",
            "CPU model": "Intel Core i9",
            "Hard disk size": "1 TB",
            "color": "red",
            "capacity": 2,
            "screen_size": 14
        }
    },
    {
        "id": 40,
        "name": "Apple MacBook Pro 16",
        "data": {
            "year": "2019",
            "price": "1849.99",
            "CPU model": "Intel Core i9",
            "Hard disk size": "1 TB",
            "color": "red",
            "capacity": 2,
            "screen_size": 14
        }
    },
    {
        "id": 229,
        "name": "Apple MacBook Pro 16",
        "data": {
            "year": "2019",
            "price": "1849.99",
            "CPU model": "Intel Core i9",
            "Hard disk size": "1 TB",
            "color": "red",
            "capacity": 2,
            "screen_size": 14
        }
    },
    {
        "id": 17,
        "name": "Apple MacBook Pro 1611-albert12",
        "data": {
            "year": "2030",
            "price": "1849.99",
            "CPU model": "Intel Core i9",
            "Hard disk size": "1 TB",
            "color": "red",
            "capacity": 2,
            "screen_size": 14
        }
    },
    {
        "id": 73,
        "name": "Apple MacBook Pro 16",
        "data": {
            "year": "2019",
            "price": "1849.99",
            "CPU model": "Intel Core i9",
            "Hard disk size": "1 TB",
            "color": "red",
            "capacity": 2,
            "screen_size": 14
        }
    },
    {
        "id": 21,
        "name": "Apple MacBook Pro 16",
        "data": {
            "year": "2019",
            "price": "1849.99",
            "CPU model": "Intel Core i9",
            "Hard disk size": "1 TB",
            "color": "red",
            "capacity": 2,
            "screen_size": 14
        }
    },
    {
        "id": 66,
        "name": "Lenovo K14",
        "data": {
            "year": "2024",
            "price": "1849.99",
            "CPU model": "Intel Core i9",
            "Hard disk size": "1 TB",
            "color": "black",
            "capacity": 2,
            "screen_size": 14
        }
    },
    {
        "id": 80,
        "name": "Apple MacBook Pro 16",
        "data": {
            "year": "2019",
            "price": "1849.99",
            "CPU model": "Intel Core i9",
            "Hard disk size": "1 TB",
            "color": "red",
            "capacity": 2,
            "screen_size": 14
        }
    },
    {
        "id": 235,
        "name": "Lenovo Thinkpad T14",
        "data": {
            "year": "2025",
            "price": "2249.99",
            "CPU model": "Intel vPRO Enterprise",
            "Hard disk size": "1 TB",
            "color": "black",
            "capacity": 4,
            "screen_size": 14
        }
    },
    {
        "id": 77,
        "name": "Apple MacBook Pro 16",
        "data": {
            "year": "2019",
            "price": "1849.99",
            "CPU model": "Intel Core i9",
            "Hard disk size": "1 TB",
            "color": "red",
            "capacity": 2,
            "screen_size": 14
        }
    },
    {
        "id": 76,
        "name": "Apple MacBook Pro 16",
        "data": {
            "year": "2019",
            "price": "1849.99",
            "CPU model": "Intel Core i9",
            "Hard disk size": "1 TB",
            "color": "red",
            "capacity": 2,
            "screen_size": 14
        }
    },
    {
        "id": 79,
        "name": "Apple MacBook Pro 16",
        "data": {
            "year": "2019",
            "price": "1849.99",
            "CPU model": "Intel Core i9",
            "Hard disk size": "1 TB",
            "color": "red",
            "capacity": 2,
            "screen_size": 14
        }
    },
    {
        "id": 239,
        "name": "Lenovo Ideapad 7i",
        "data": {
            "year": "2023",
            "price": "1849.99",
            "CPU model": "Intel Core i7",
            "Hard disk size": "1 TB",
            "color": "silver",
            "capacity": 2,
            "screen_size": 14
        }
    },
    {
        "id": 18,
        "name": "Lenovo Ideapad 7i test patch",
        "data": {
            "year": "2023",
            "price": "1849.99",
            "CPU model": "Intel Core i9",
            "Hard disk size": "1 TB",
            "color": "red",
            "capacity": 2,
            "screen_size": 14
        }
    },
    {
        "id": 85,
        "name": "maaf list ini sedang di test, mohon coba lagi",
        "data": {
            "year": "2019",
            "price": "1849.99",
            "CPU model": "Intel Core i9",
            "Hard disk size": "1 TB",
            "color": "red",
            "capacity": 2,
            "screen_size": 14
        }
    },
    {
        "id": 75,
        "name": "Nah ini test untuk partial",
        "data": {
            "year": "1998",
            "price": "1849.99",
            "CPU model": "Intel Core i9",
            "Hard disk size": "1 TB",
            "color": "red",
            "capacity": 2,
            "screen_size": 14
        }
    },
    {
        "id": 48,
        "name": "Apple MacBook Pro 16 Nikko4",
        "data": {
            "year": "2019",
            "price": "1849.99",
            "CPU model": "Intel Core i9",
            "Hard disk size": "1 TB",
            "color": "red",
            "capacity": 2,
            "screen_size": 14
        }
    },
    {
        "id": 35,
        "name": "Apple MacBook Pro 1611-albert12",
        "data": {
            "year": "2030",
            "price": "1849.99",
            "CPU model": "Intel Core i9",
            "Hard disk size": "1 TB",
            "color": "red",
            "capacity": 2,
            "screen_size": 14
        }
    },
    {
        "id": 37,
        "name": "Apple MacBook Pro 1611-Maria06",
        "data": {
            "year": "2025",
            "price": "1849.99",
            "CPU model": "Intel Core i9",
            "Hard disk size": "1 TB",
            "color": "red",
            "capacity": 2,
            "screen_size": 14
        }
    },
    {
        "id": 70,
        "name": "Apple MacBook Pro 1611-albert12",
        "data": {
            "year": "2030",
            "price": "1849.99",
            "CPU model": "Intel Core i9",
            "Hard disk size": "1 TB",
            "color": "red",
            "capacity": 2,
[...]
    },
    {
        "id": 195,
        "name": "Apple MacBook Pro 16 - update bondan",
        "data": {
            "year": "2019",
            "price": "1849.99",
            "CPU model": "Intel Core i9",
            "Hard disk size": "1 TB",
            "color": "red",
            "capacity": 2,
            "screen_size": 14
        }
    },
    {
        "id": 213,
        "name": "Apple MacBook Pro 16 Diana Punya",
        "data": {
            "year": "2025",
            "price": "1849.99",
            "CPU model": "Intel Core i9",
            "Hard disk size": "1 TB",
            "color": "red",
            "capacity": 2,
            "screen_size": 14
        }
    },
    {
        "id": 215,
        "name": "Apple MacBook Pro 16 Diana Punya",
        "data": {
            "year": "2025",
            "price": "1849.99",
            "CPU model": "Intel Core i9",
            "Hard disk size": "1 TB",
            "color": "red",
            "capacity": 2,
            "screen_size": 14
        }
    },
    {
        "id": 217,
        "name": "Apple MacBook Pro 16",
        "data": {
            "year": "2019",
            "price": "1849.99",
            "CPU model": "Intel Core i9",
            "Hard disk size": "1 TB",
            "color": "red",
            "capacity": 2,
            "screen_size": 14
        }
    },
    {
        "id": 218,
        "name": "Apple MacBook Pro 16 Diana Punya",
        "data": {
            "year": "2025",
            "price": "1849.99",
            "CPU model": "Intel Core i9",
            "Hard disk size": "1 TB",
            "color": "red",
            "capacity": 2,
            "screen_size": 14
        }
    },
    {
        "id": 256,
        "name": "Lenovo Ideapad 7i",
        "data": {
            "year": "2023",
            "price": "1849.99",
            "CPU model": "Intel Core i7",
            "Hard disk size": "1 TB",
            "color": "silver",
            "capacity": 2,
            "screen_size": 14
        }
    },
    {
        "id": 203,
        "name": "Apple MacBook Pro 16",
        "data": {
            "year": "2019",
            "price": "1849.99",
            "CPU model": "Intel Core i9",
            "Hard disk size": "1 TB",
            "color": "red",
            "capacity": 2,
            "screen_size": 14
        }
    },
    {
        "id": 220,
        "name": "Apple MacBook Pro 16 Diana Punya",
        "data": {
            "year": "2025",
            "price": "1849.99",
            "CPU model": "Intel Core i9",
            "Hard disk size": "1 TB",
            "color": "red",
            "capacity": 2,
            "screen_size": 14
        }
    },
    {
        "id": 246,
        "name": "Lenovo Ideapad 7i",
        "data": {
            "year": "2023",
            "price": "1849.99",
            "CPU model": "Intel Core i7",
            "Hard disk size": "1 TB",
            "color": "silver",
            "capacity": 2,
            "screen_size": 14
        }
    },
    {
        "id": 267,
        "name": "Apple MacBook Pro 16",
        "data": {
            "year": "2019",
            "price": "1849.99",
            "CPU model": "Intel Core i9",
            "Hard disk size": "1 TB",
            "color": "red",
            "capacity": 2,
            "screen_size": 14
        }
    },
    {
        "id": 247,
        "name": "Macbook Red",
        "data": {
            "year": "2024",
            "price": "1999.99",
            "CPU model": "M3 Pro",
            "Hard disk size": "1 TB",
            "color": "red",
            "capacity": 2,
            "screen_size": 14
        }
    },
    {
        "id": 209,
        "name": "Apple MacBook Pro 16 - Bondan PATCH",
        "data": {
            "year": "2025",
            "price": "1849.99",
            "CPU model": "Intel Core i9",
            "Hard disk size": "1 TB",
            "color": "red",
            "capacity": 2,
            "screen_size": 14
        }
    },
    {
        "id": 248,
        "name": "Lenovo Ideapad 7i",
        "data": {
            "year": "2023",
            "price": "1849.99",
            "CPU model": "Intel Core i7",
            "Hard disk size": "1 TB",
            "color": "silver",
            "capacity": 2,
            "screen_size": 14
        }
    },
    {
        "id": 222,
        "name": "Apple MacBook Pro 16",
        "data": {
            "year": "2019",
            "price": "1849.99",
            "CPU model": "Intel Core i9",
            "Hard disk size": "1 TB",
            "color": "red",
            "capacity": 2,
            "screen_size": 14
        }
    },
    {
        "id": 224,
        "name": "Apple MacBook Pro 16",
        "data": {
            "year": "2019",
            "price": "1849.99",
            "CPU model": "Intel Core i9",
            "Hard disk size": "1 TB",
            "color": "red",
            "capacity": 2,
            "screen_size": 14
        }
    },
    {
        "id": 226,
        "name": "Apple MacBook Pro 16",
        "data": {
            "year": "2019",
            "price": "1849.99",
            "CPU model": "Intel Core i9",
            "Hard disk size": "1 TB",
            "color": "red",
            "capacity": 2,
            "screen_size": 14
        }
    },
    {
        "id": 228,
        "name": "Apple MacBook Pro 16",
        "data": {
            "year": "2019",
            "price": "1849.99",
            "CPU model": "Intel Core i9",
            "Hard disk size": "1 TB",
            "color": "red",
            "capacity": 2,
            "screen_size": 14
        }
    },
    {
        "id": 230,
        "name": "Apple MacBook Air M1 azhar",
        "data": {
            "year": "2020",
            "price": "1199",
            "CPU model": "Apple M1",
            "Hard disk size": "256 GB",
            "color": "SPace Grey",
            "capacity": 8,
            "screen_size": 13
        }
    },
    {
        "id": 234,
        "name": "Lenovo Ideapad 7i",
        "data": {
            "year": "2023",
            "price": "1849.99",
            "CPU model": "Intel Core i7",
            "Hard disk size": "1 TB",
            "color": "silver",
            "capacity": 2,
            "screen_size": 14
        }
    },
    {
        "id": 198,
        "name": "Apple MacBook Pro 16 Diana Punya",
        "data": {
            "year": "2025",
            "price": "1849.99",
            "CPU model": "Intel Core i9",
            "Hard disk size": "1 TB",
            "color": "red",
            "capacity": 2,
            "screen_size": 14
        }
    },
    {
        "id": 238,
        "name": "Lenovo Ideapad 7i",
        "data": {
            "year": "2023",
            "price": "1849.99",
            "CPU model": "Intel Core i7",
            "Hard disk size": "1 TB",
            "color": "silver",
            "capacity": 2,
            "screen_size": 14
        }
    },
    {
        "id": 242,
        "name": "Lenovo Ideapad 7i",
        "data": {
            "year": "2023",
            "price": "1849.99",
            "CPU model": "Intel Core i7",
            "Hard disk size": "1 TB",
            "color": "silver",
            "capacity": 2,
            "screen_size": 14
        }
    },
    {
        "id": 112,
        "name": "Apple MacBook Pro 1611-albert12",
        "data": {
            "year": "2030",
            "price": "1849.99",
            "CPU model": "Intel Core i9",
            "Hard disk size": "1 TB",
            "color": "red",
            "capacity": 2,
            "screen_size": 14
        }
    },
    {
        "id": 243,
        "name": "Lenovo Ideapad 7i",
        "data": {
            "year": "2023",
            "price": "1849.99",
            "CPU model": "Intel Core i7",
            "Hard disk size": "1 TB",
            "color": "silver",
            "capacity": 2,
            "screen_size": 14
        }
    },
    {
        "id": 244,
        "name": "Apple MacBook Air M1 azhar partially update",
        "data": {
            "year": "2020",
            "price": "999",
            "CPU model": "Apple M1 partially update",
            "Hard disk size": "256 GB",
            "color": "space grey",
            "capacity": 8,
            "screen_size": 13
        }
    },
    {
        "id": 257,
        "name": "Lenovo Ideapad 7i",
        "data": {
            "year": "2023",
            "price": "1849.99",
            "CPU model": "Intel Core i7",
            "Hard disk size": "1 TB",
            "color": "silver",
            "capacity": 2,
            "screen_size": 14
        }
    },
    {
        "id": 261,
        "name": "Apple MacBook Pro 16",
        "data": {
            "year": "2019",
            "price": "1849.99",
            "CPU model": "Intel Core i9",
            "Hard disk size": "1 TB",
            "color": "red",
            "capacity": 2,
            "screen_size": 14
        }
    },
    {
        "id": 250,
        "name": "Macbook Red",
        "data": {
            "year": "2024",
            "price": "1999.99",
            "CPU model": "M3 Pro",
            "Hard disk size": "1 TB",
            "color": "red",
            "capacity": 2,
            "screen_size": 14
        }
    },
    {
        "id": 251,
        "name": "Macbook Red",
        "data": {
            "year": "2024",
            "price": "1999.99",
            "CPU model": "M3 Pro",
            "Hard disk size": "1 TB",
            "color": "red",
            "capacity": 2,
            "screen_size": 14
        }
    },
    {
        "id": 252,
        "name": "Lenovo Ideapad 7i",
        "data": {
            "year": "2023",
            "price": "1849.99",
            "CPU model": "Intel Core i7",
            "Hard disk size": "1 TB",
            "color": "silver",
            "capacity": 2,
            "screen_size": 14
        }
    },
    {
        "id": 258,
        "name": "Lenovo Ideapad 7i",
        "data": {
            "year": "2023",
            "price": "1849.99",
            "CPU model": "Intel Core i7",
            "Hard disk size": "1 TB",
            "color": "silver",
            "capacity": 2,
            "screen_size": 14
        }
    },
    {
        "id": 254,
        "name": "Macbook Blue",
        "data": {
            "year": "2025",
            "price": "2499.99",
            "CPU model": "M3 Max",
            "Hard disk size": "2 TB",
            "color": "blue",
            "capacity": 4,
            "screen_size": 16
        }
    },
    {
        "id": 255,
        "name": "Macbook Red",
        "data": {
            "year": "2024",
            "price": "1999.99",
            "CPU model": "M3 Pro",
            "Hard disk size": "1 TB",
            "color": "red",
            "capacity": 2,
            "screen_size": 14
        }
    },
    {
        "id": 233,
        "name": "Lenovo Ideapad 7i",
        "data": {
            "year": "2023",
            "price": "1849.99",
            "CPU model": "Intel Core i7",
            "Hard disk size": "1 TB",
            "color": "blue",
            "capacity": 2,
            "screen_size": 14
        }
    },
    {
        "id": 268,
        "name": "Apple MacBook Pro 16",
        "data": {
            "year": "2019",
            "price": "1849.99",
            "CPU model": "Intel Core i9",
            "Hard disk size": "1 TB",
            "color": "red",
            "capacity": 2,
            "screen_size": 14
        }
    },
    {
        "id": 269,
        "name": "Apple MacBook Pro 16",
        "data": {
            "year": "2019",
            "price": "1849.99",
            "CPU model": "Intel Core i9",
            "Hard disk size": "1 TB",
            "color": "red",
            "capacity": 2,
            "screen_size": 14
        }
    },
    {
        "id": 272,
        "name": "Apple MacBook Air M1 azhar",
        "data": {
            "year": "2020",
            "price": "1199",
            "CPU model": "Apple M1",
            "Hard disk size": "256 GB",
            "color": "SPace Grey",
            "capacity": 8,
            "screen_size": 13
        }
    },
    {
        "id": 270,
        "name": "Apple MacBook Pro 16",
        "data": {
            "year": "2019",
            "price": "1849.99",
            "CPU model": "Intel Core i9",
            "Hard disk size": "1 TB",
            "color": "red",
            "capacity": 2,
            "screen_size": 14
        }
    }
]
]]></system-out>
  </testcase>
  <testcase name="listOfObjectsByIdTest" classname="restassured.ObjectTest" time="0.613">
    <system-out><![CDATA[listOfObjectsByIdTest starting...
Request method:	GET
Request URI:	https://whitesmokehouse.com/webhook/api/objectslistId?id=272
Proxy:			<none>
Request params:	<none>
Query params:	id=272
Form params:	<none>
Path params:	<none>
Headers:		Authorization=Bearer eyJhbGciOiJIUzI1NiIsInR5cCI6IkpXVCJ9.eyJpZCI6IjIzOSIsImlhdCI6MTc0NzY5NzY0NX0.jFIF12whN0JiOSV0PIPrd4qLuYVGsh9avnP5VfAhB8c
				Accept=*/*
				Content-Type=application/json
Cookies:		<none>
Multiparts:		<none>
Body:			<none>
[
    {
        "id": 272,
        "name": "Apple MacBook Air M1 azhar",
        "data": {
            "year": "2020",
            "price": "1199",
            "cpu_model": "Apple M1",
            "hard_disk_size": "256 GB",
            "color": "SPace Grey",
            "capacity": 8,
            "screen_size": 13
        }
    }
]
[
    {
        "id": 272,
        "name": "Apple MacBook Air M1 azhar",
        "data": {
            "year": "2020",
            "price": "1199",
            "cpu_model": "Apple M1",
            "hard_disk_size": "256 GB",
            "color": "SPace Grey",
            "capacity": 8,
            "screen_size": 13
        }
    }
]
]]></system-out>
  </testcase>
  <testcase name="getSingleObjectTest" classname="restassured.ObjectTest" time="0.636">
    <system-out><![CDATA[getSingleObjectTest starting...
Request method:	GET
Request URI:	https://whitesmokehouse.com/webhook/8749129e-f5f7-4ae6-9b03-93be7252443c/api/objects/272
Proxy:			<none>
Request params:	<none>
Query params:	<none>
Form params:	<none>
Path params:	<none>
Headers:		Authorization=Bearer eyJhbGciOiJIUzI1NiIsInR5cCI6IkpXVCJ9.eyJpZCI6IjIzOSIsImlhdCI6MTc0NzY5NzY0NX0.jFIF12whN0JiOSV0PIPrd4qLuYVGsh9avnP5VfAhB8c
				Accept=*/*
				Content-Type=application/json
Cookies:		<none>
Multiparts:		<none>
Body:			<none>
{
    "id": 272,
    "name": "Apple MacBook Air M1 azhar",
    "data": {
        "year": "2020",
        "price": "1199",
        "cpu_model": "Apple M1",
        "hard_disk_size": "256 GB",
        "color": "SPace Grey",
        "capacity": 8,
        "screen_size": 13
    }
}
{
    "id": 272,
    "name": "Apple MacBook Air M1 azhar",
    "data": {
        "year": "2020",
        "price": "1199",
        "cpu_model": "Apple M1",
        "hard_disk_size": "256 GB",
        "color": "SPace Grey",
        "capacity": 8,
        "screen_size": 13
    }
}
]]></system-out>
  </testcase>
  <testcase name="updateObjectTest" classname="restassured.ObjectTest" time="0.619">
    <system-out><![CDATA[updateObjectTest staring...
Request method:	PUT
Request URI:	https://whitesmokehouse.com/webhook/37777abe-a5ef-4570-a383-c99b5f5f7906/api/objects/272
Proxy:			<none>
Request params:	<none>
Query params:	<none>
Form params:	<none>
Path params:	<none>
Headers:		Authorization=Bearer eyJhbGciOiJIUzI1NiIsInR5cCI6IkpXVCJ9.eyJpZCI6IjIzOSIsImlhdCI6MTc0NzY5NzY0NX0.jFIF12whN0JiOSV0PIPrd4qLuYVGsh9avnP5VfAhB8c
				Accept=*/*
				Content-Type=application/json
Cookies:		<none>
Multiparts:		<none>
Body:
{
    "data": {
        "hard_disk_size": "256 GB",
        "color": "SPace Grey",
        "year": 2020,
        "price": 1199,
        "cpu_model": "Apple M1",
        "screen_size": "13 inch",
        "capacity": "8 CPU"
    },
    "name": "Apple MacBook Air M1 azhar update"
}
[
    {
        "id": 272,
        "name": "Apple MacBook Air M1 azhar update",
        "data": {
            "year": "2020",
            "price": 1199,
            "CPU model": "Apple M1",
            "Hard disk size": "256 GB",
            "color": "SPace Grey",
            "capacity": "8 CPU",
            "screen_size": "13 inch"
        }
    }
]
[
    {
        "id": 272,
        "name": "Apple MacBook Air M1 azhar update",
        "data": {
            "year": "2020",
            "price": 1199,
            "CPU model": "Apple M1",
            "Hard disk size": "256 GB",
            "color": "SPace Grey",
            "capacity": "8 CPU",
            "screen_size": "13 inch"
        }
    }
]
]]></system-out>
  </testcase>
  <testcase name="partiallyUpdateObjectTest" classname="restassured.ObjectTest" time="0.698">
    <system-out><![CDATA[partiallyUpdateObjectTest staring...
Request method:	PATCH
Request URI:	https://whitesmokehouse.com/webhook/39a0f904-b0f2-4428-80a3-391cea5d7d04/api/object/272
Proxy:			<none>
Request params:	<none>
Query params:	<none>
Form params:	<none>
Path params:	<none>
Headers:		Authorization=Bearer eyJhbGciOiJIUzI1NiIsInR5cCI6IkpXVCJ9.eyJpZCI6IjIzOSIsImlhdCI6MTc0NzY5NzY0NX0.jFIF12whN0JiOSV0PIPrd4qLuYVGsh9avnP5VfAhB8c
				Accept=*/*
				Content-Type=application/json
Cookies:		<none>
Multiparts:		<none>
Body:
{
    "price": 999,
    "cpu_model": "Apple M1 partially update",
    "name": "Apple MacBook Air M1 azhar partially update"
}
{
    "id": 272,
    "name": "Apple MacBook Air M1 azhar partially update",
    "data": {
        "year": "2020",
        "price": "999",
        "cpu_model": "Apple M1 partially update",
        "hard_disk_size": "256 GB",
        "color": "SPace Grey",
        "capacity": "8 CPU",
        "screen_size": "13 inch"
    }
}
{
    "id": 272,
    "name": "Apple MacBook Air M1 azhar partially update",
    "data": {
        "year": "2020",
        "price": "999",
        "cpu_model": "Apple M1 partially update",
        "hard_disk_size": "256 GB",
        "color": "SPace Grey",
        "capacity": "8 CPU",
        "screen_size": "13 inch"
    }
}
]]></system-out>
  </testcase>
  <testcase name="deleteObjectTest" classname="restassured.ObjectTest" time="0.797">
    <system-out><![CDATA[deleteObjectTest starting...
Request method:	DELETE
Request URI:	https://whitesmokehouse.com/webhook/d79a30ed-1066-48b6-83f5-556120afc46f/api/objects/272
Proxy:			<none>
Request params:	<none>
Query params:	<none>
Form params:	<none>
Path params:	<none>
Headers:		Authorization=Bearer eyJhbGciOiJIUzI1NiIsInR5cCI6IkpXVCJ9.eyJpZCI6IjIzOSIsImlhdCI6MTc0NzY5NzY0NX0.jFIF12whN0JiOSV0PIPrd4qLuYVGsh9avnP5VfAhB8c
				Accept=*/*
				Content-Type=application/json
Cookies:		<none>
Multiparts:		<none>
Body:			<none>
{
    "status": "deleted",
    "message": "Object with id = 272, has been deleted."
}
{
    "status": "deleted",
    "message": "Object with id = 272, has been deleted."
}
]]></system-out>
  </testcase>
  <testcase name="getAllDepartmentTest" classname="restassured.DepartmentTest" time="0.609">
    <system-out><![CDATA[getAllDepartmentTest starting...
Request method:	GET
Request URI:	https://whitesmokehouse.com/webhook/api/department
Proxy:			<none>
Request params:	<none>
Query params:	<none>
Form params:	<none>
Path params:	<none>
Headers:		Authorization=Bearer eyJhbGciOiJIUzI1NiIsInR5cCI6IkpXVCJ9.eyJpZCI6IjIzOSIsImlhdCI6MTc0NzY5NzY0NX0.jFIF12whN0JiOSV0PIPrd4qLuYVGsh9avnP5VfAhB8c
				Accept=*/*
				Content-Type=application/json
Cookies:		<none>
Multiparts:		<none>
Body:			<none>
[
    {
        "id": 1,
        "department": "Technology"
    },
    {
        "id": 2,
        "department": "Human Resource"
    },
    {
        "id": 3,
        "department": "Finance"
    },
    {
        "id": 4,
        "department": "Executive"
    }
]
[
    {
        "id": 1,
        "department": "Technology"
    },
    {
        "id": 2,
        "department": "Human Resource"
    },
    {
        "id": 3,
        "department": "Finance"
    },
    {
        "id": 4,
        "department": "Executive"
    }
]
]]></system-out>
  </testcase>
</testsuite>