<?xml version="1.0" encoding="UTF-8"?>
<testng-results ignored="0" total="3" passed="3" failed="0" skipped="0">
  <reporter-output>
  </reporter-output>
  <suite started-at="2025-05-19T23:09:15 WIB" name="Surefire suite" finished-at="2025-05-19T23:09:19 WIB" duration-ms="4085">
    <groups>
    </groups>
    <test started-at="2025-05-19T23:09:15 WIB" name="Surefire test" finished-at="2025-05-19T23:09:19 WIB" duration-ms="4085">
      <class name="restassured.AuthenticationTest">
        <test-method is-config="true" signature="loginTest()[pri:0, instance:restassured.AuthenticationTest@55a1c291]" started-at="2025-05-19T23:09:15 WIB" name="loginTest" finished-at="2025-05-19T23:09:17 WIB" duration-ms="1993" status="PASS">
          <reporter-output>
          </reporter-output>
        </test-method> <!-- loginTest -->
      </class> <!-- restassured.AuthenticationTest -->
      <class name="restassured.ObjectTest">
        <test-method is-config="true" signature="setup()[pri:0, instance:restassured.ObjectTest@534df152]" started-at="2025-05-19T23:09:14 WIB" name="setup" finished-at="2025-05-19T23:09:15 WIB" duration-ms="172" status="PASS">
          <reporter-output>
          </reporter-output>
        </test-method> <!-- setup -->
        <test-method signature="addObjectTest()[pri:1, instance:restassured.ObjectTest@534df152]" started-at="2025-05-19T23:09:17 WIB" name="addObjectTest" finished-at="2025-05-19T23:09:17 WIB" duration-ms="667" status="PASS">
          <reporter-output>
          </reporter-output>
        </test-method> <!-- addObjectTest -->
        <test-method signature="getListAllObjectTest()[pri:2, instance:restassured.ObjectTest@534df152]" started-at="2025-05-19T23:09:17 WIB" name="getListAllObjectTest" finished-at="2025-05-19T23:09:18 WIB" duration-ms="756" status="PASS">
          <reporter-output>
          </reporter-output>
        </test-method> <!-- getListAllObjectTest -->
        <test-method signature="deleteObjectTest()[pri:3, instance:restassured.ObjectTest@534df152]" started-at="2025-05-19T23:09:18 WIB" name="deleteObjectTest" finished-at="2025-05-19T23:09:19 WIB" duration-ms="657" status="PASS">
          <reporter-output>
          </reporter-output>
        </test-method> <!-- deleteObjectTest -->
      </class> <!-- restassured.ObjectTest -->
    </test> <!-- Surefire test -->
  </suite> <!-- Surefire suite -->
</testng-results>
